2021-12-27 21:10:16,198 :INFO :test_flightBooking :Clicking on Flights Tab
2021-12-27 21:10:17,793 :INFO :test_flightBooking :Clicking on roundtrip radio button
2021-12-27 21:10:18,095 :INFO :test_flightBooking :Entering keywords in search field
2021-12-27 21:10:18,802 :INFO :test_flightBooking :Clicking on Bangalore
2021-12-27 21:10:18,902 :INFO :test_flightBooking :Entering keyword in to field
2021-12-27 21:10:19,420 :INFO :test_flightBooking :Clicking on Maldives
2021-12-27 21:10:19,977 :INFO :test_flightBooking :Tapping on next until March month is displayed
2021-12-27 21:10:20,259 :INFO :test_flightBooking :Tapping on next until March month is displayed
2021-12-27 21:10:20,410 :INFO :test_flightBooking :Tapping on next until March month is displayed
2021-12-27 21:13:48,682 :INFO :test_flightBooking :Clicking on Flights Tab
2021-12-27 21:13:49,888 :INFO :test_flightBooking :Clicking on roundtrip radio button
2021-12-27 21:13:50,036 :INFO :test_flightBooking :Entering keywords in search field
2021-12-27 21:13:50,850 :INFO :test_flightBooking :Clicking on Bangalore
2021-12-27 21:13:51,025 :INFO :test_flightBooking :Entering keyword in to field
2021-12-27 21:13:51,475 :INFO :test_flightBooking :Clicking on Maldives
2021-12-27 21:13:51,975 :INFO :test_flightBooking :Tapping on next until March month is displayed
2021-12-27 21:13:52,160 :INFO :test_flightBooking :Tapping on next until March month is displayed
2021-12-27 21:13:52,337 :INFO :test_flightBooking :Tapping on next until March month is displayed
2021-12-28 11:07:19,766 :INFO :test_flightBooking :Clicking on Flights Tab
2021-12-28 11:07:24,240 :INFO :test_flightBooking :Clicking on roundtrip radio button
2021-12-28 11:07:26,190 :INFO :test_flightBooking :Entering keywords in search field
2021-12-28 11:07:28,636 :INFO :test_flightBooking :Clicking on Bangalore
2021-12-28 11:07:28,839 :INFO :test_flightBooking :Entering keyword in to field
2021-12-28 11:07:29,616 :INFO :test_flightBooking :Clicking on Maldives
2021-12-28 11:07:30,249 :INFO :test_flightBooking :Tapping on next until March month is displayed
2021-12-28 11:07:30,504 :INFO :test_flightBooking :Tapping on next until March month is displayed
2021-12-28 11:07:30,708 :INFO :test_flightBooking :Tapping on next until March month is displayed
2021-12-28 11:11:38,158 :INFO :test_flightBooking :Clicking on Flights Tab
2021-12-28 11:11:41,985 :INFO :test_flightBooking :Clicking on roundtrip radio button
2021-12-28 11:11:43,388 :INFO :test_flightBooking :Entering keywords in search field
2021-12-28 11:11:45,172 :INFO :test_flightBooking :Clicking on Bangalore
2021-12-28 11:11:45,367 :INFO :test_flightBooking :Entering keyword in to field
2021-12-28 11:11:46,280 :INFO :test_flightBooking :Clicking on Maldives
2021-12-28 11:11:47,051 :INFO :test_flightBooking :Tapping on next until March month is displayed
2021-12-28 11:11:47,372 :INFO :test_flightBooking :Tapping on next until March month is displayed
2021-12-28 11:11:47,581 :INFO :test_flightBooking :Tapping on next until March month is displayed
2021-12-28 11:14:04,281 :INFO :test_flightBooking :Clicking on Flights Tab
2021-12-28 11:14:07,026 :INFO :test_flightBooking :Clicking on roundtrip radio button
2021-12-28 11:14:08,671 :INFO :test_flightBooking :Entering keywords in search field
2021-12-28 11:14:11,874 :INFO :test_flightBooking :Clicking on Bangalore
2021-12-28 11:14:12,281 :INFO :test_flightBooking :Entering keyword in to field
2021-12-28 11:14:14,399 :INFO :test_flightBooking :Clicking on Maldives
2021-12-28 11:14:15,162 :INFO :test_flightBooking :Tapping on next until March month is displayed
2021-12-28 11:14:15,437 :INFO :test_flightBooking :Tapping on next until March month is displayed
2021-12-28 11:14:15,691 :INFO :test_flightBooking :Tapping on next until March month is displayed
2021-12-28 11:20:47,530 :INFO :test_flightBooking :Clicking on Flights Tab
2021-12-28 11:20:49,156 :INFO :test_flightBooking :Clicking on roundtrip radio button
2021-12-28 11:20:49,420 :INFO :test_flightBooking :Entering keywords in search field
2021-12-28 11:20:55,393 :INFO :test_flightBooking :Clicking on Bangalore
2021-12-28 11:20:55,653 :INFO :test_flightBooking :Entering keyword in to field
2021-12-28 11:20:56,358 :INFO :test_flightBooking :Clicking on Maldives
2021-12-28 11:20:57,046 :INFO :test_flightBooking :Tapping on next until March month is displayed
2021-12-28 11:20:57,337 :INFO :test_flightBooking :Tapping on next until March month is displayed
2021-12-28 11:20:57,549 :INFO :test_flightBooking :Tapping on next until March month is displayed
